TN:
SF:src/app.js
FN:14,(anonymous_0)
FNF:1
FNH:1
FNDA:1,(anonymous_0)
DA:7,2
DA:8,2
DA:9,2
DA:10,2
DA:11,2
DA:12,2
DA:14,2
DA:15,1
DA:16,1
LF:9
LH:9
BRDA:12,0,0,2
BRDA:12,0,1,0
BRF:2
BRH:1
end_of_record
TN:
SF:src/Config/database.js
FN:8,connect
FNF:1
FNH:1
FNDA:6,connect
DA:4,6
DA:6,6
DA:9,6
DA:10,6
DA:11,4
DA:13,0
DA:17,6
DA:19,6
LF:8
LH:7
BRF:0
BRH:0
end_of_record
TN:
SF:src/Controllers/Filter-Product-Controller.js
FN:3,filterCategoryController
FNF:1
FNH:1
FNDA:3,filterCategoryController
DA:4,3
DA:5,3
DA:6,3
DA:8,1
DA:10,2
DA:11,2
LF:6
LH:6
BRDA:11,0,0,2
BRDA:11,0,1,1
BRDA:11,1,0,2
BRDA:11,1,1,0
BRF:4
BRH:3
end_of_record
TN:
SF:src/Controllers/Search-Product-Controller.js
FN:4,searchController
FNF:1
FNH:1
FNDA:4,searchController
DA:5,4
DA:6,4
DA:8,4
DA:10,3
DA:12,1
DA:13,1
LF:6
LH:6
BRF:0
BRH:0
end_of_record
TN:
SF:src/Repositories/Filter-Product-Repository.js
FN:3,findProductsByCategory
FNF:1
FNH:1
FNDA:2,findProductsByCategory
DA:4,2
LF:1
LH:1
BRF:0
BRH:0
end_of_record
TN:
SF:src/Repositories/Search-Product-Repository.js
FN:3,findProdutosByName
FN:7,findProdutosByNameSubstring
FN:14,findProdutosByNameStartsWith
FN:21,findAllProdutos
FNF:4
FNH:4
FNDA:2,findProdutosByName
FNDA:2,findProdutosByNameSubstring
FNDA:2,findProdutosByNameStartsWith
FNDA:3,findAllProdutos
DA:4,2
DA:8,2
DA:15,2
DA:22,3
LF:4
LH:4
BRF:0
BRH:0
end_of_record
TN:
SF:src/Routers/ProductRouter.js
FNF:0
FNH:0
DA:5,2
DA:7,2
DA:8,2
LF:3
LH:3
BRF:0
BRH:0
end_of_record
TN:
SF:src/Routers/index.js
FNF:0
FNH:0
DA:4,2
DA:5,2
LF:2
LH:2
BRF:0
BRH:0
end_of_record
TN:
SF:src/Schemas/Authentication-Schema.js
FNF:0
FNH:0
LF:0
LH:0
BRF:0
BRH:0
end_of_record
TN:
SF:src/Services/Filter-Product-Service.js
FN:4,filterCategory
FNF:1
FNH:1
FNDA:2,filterCategory
DA:5,2
DA:7,2
DA:8,1
DA:9,1
DA:10,1
DA:13,1
LF:6
LH:6
BRDA:7,0,0,1
BRDA:7,0,1,1
BRF:2
BRH:2
end_of_record
TN:
SF:src/Services/Search-Product-Service.js
FN:8,searchProdutos
FNF:1
FNH:1
FNDA:6,searchProdutos
DA:11,6
DA:12,1
DA:13,5
DA:14,1
DA:15,4
DA:16,1
DA:19,3
DA:22,6
LF:8
LH:8
BRDA:11,0,0,1
BRDA:11,0,1,5
BRDA:13,1,0,1
BRDA:13,1,1,4
BRDA:15,2,0,1
BRDA:15,2,1,3
BRF:6
BRH:6
end_of_record
